<?xml version="1.0" encoding="UTF-8"?>
<!-- Generated by org.testng.reporters.JUnitReportReporter -->
<testsuite hostname="DESKTOP-7FOVLSH" failures="0" tests="3" name="ProductTest.FishProduct" time="-1732337920.000" errors="1" timestamp="2024-11-23T10:29:07 IST" skipped="2">
  <testcase classname="ProductTest.FishProduct" name="addProduct" time="0.000">
    <skipped/>
  </testcase> <!-- addProduct -->
  <system-out/>
  <testcase classname="ProductTest.FishProduct" name="browserSetup" time="-1732337920.000">
    <error message="
Parameter &#039;Browsername&#039; is required by BeforeClass on method browserSetup but has not been marked @Optional or defined
in C:\Users\Revathi\git\Petstore.octoperf-Ecommerse\QKP-SJFJVD-A6\FunctionalityTest.xml" type="org.testng.TestNGException">
      <![CDATA[org.testng.TestNGException: 
Parameter 'Browsername' is required by BeforeClass on method browserSetup but has not been marked @Optional or defined
in C:\Users\Revathi\git\Petstore.octoperf-Ecommerse\QKP-SJFJVD-A6\FunctionalityTest.xml
at org.testng.internal.Parameters.createParams(Parameters.java:267)
at org.testng.internal.Parameters.createParametersForMethod(Parameters.java:355)
at org.testng.internal.Parameters.createParameters(Parameters.java:684)
at org.testng.internal.Parameters.createConfigurationParameters(Parameters.java:166)
at org.testng.internal.invokers.ConfigInvoker.invokeConfigurations(ConfigInvoker.java:277)
at org.testng.internal.invokers.TestMethodWorker.invokeBeforeClassMethods(TestMethodWorker.java:180)
at org.testng.internal.invokers.TestMethodWorker.run(TestMethodWorker.java:122)
at java.base/java.util.ArrayList.forEach(ArrayList.java:1511)
at org.testng.TestRunner.privateRun(TestRunner.java:829)
at org.testng.TestRunner.run(TestRunner.java:602)
at org.testng.SuiteRunner.runTest(SuiteRunner.java:437)
at org.testng.SuiteRunner$SuiteWorker.run(SuiteRunner.java:475)
at org.testng.internal.thread.ThreadUtil.lambda$execute$0(ThreadUtil.java:58)
at java.base/java.util.concurrent.FutureTask.run(FutureTask.java:264)
at java.base/java.util.concurrent.ThreadPoolExecutor.runWorker(ThreadPoolExecutor.java:1136)
at java.base/java.util.concurrent.ThreadPoolExecutor$Worker.run(ThreadPoolExecutor.java:635)
at java.base/java.lang.Thread.run(Thread.java:833)
]]>
    </error>
  </testcase> <!-- browserSetup -->
  <system-out/>
  <testcase classname="ProductTest.FishProduct" name="updateProduct" time="0.000">
    <skipped/>
  </testcase> <!-- updateProduct -->
  <system-out/>
</testsuite> <!-- ProductTest.FishProduct -->
