<?xml version="1.0" encoding="UTF-8"?>
<testng-results ignored="0" total="2" passed="0" failed="0" skipped="2">
  <reporter-output>
  </reporter-output>
  <suite started-at="2024-11-25T17:25:55 IST" name="Default suite" finished-at="2024-11-25T17:25:55 IST" duration-ms="115">
    <groups>
    </groups>
    <test started-at="2024-11-25T17:25:55 IST" name="Default test" finished-at="2024-11-25T17:25:55 IST" duration-ms="115">
      <class name="ProductTest.CatsProduct">
        <test-method is-config="true" signature="suiteSetup()[pri:0, instance:ProductTest.CatsProduct@7bba5817]" started-at="2024-11-25T17:25:55 IST" name="suiteSetup" finished-at="2024-11-25T17:25:55 IST" duration-ms="511" status="PASS">
          <reporter-output>
          </reporter-output>
        </test-method> <!-- suiteSetup -->
        <test-method is-config="true" signature="browserSetup(java.lang.String)[pri:0, instance:ProductTest.CatsProduct@7bba5817]" started-at="2024-11-25T17:25:55 IST" name="browserSetup" finished-at="1970-01-01T05:30:00 IST" duration-ms="-1732535755626" status="FAIL">
          <exception class="org.testng.TestNGException">
            <message>
              <![CDATA[
Parameter 'BrowserName' is required by BeforeClass on method browserSetup but has not been marked @Optional or defined
in C:\Users\Kallem Akshitha\AppData\Local\Temp\testng-eclipse--5447002\testng-customsuite.xml]]>
            </message>
            <full-stacktrace>
              <![CDATA[org.testng.TestNGException: 
Parameter 'BrowserName' is required by BeforeClass on method browserSetup but has not been marked @Optional or defined
in C:\Users\Kallem Akshitha\AppData\Local\Temp\testng-eclipse--5447002\testng-customsuite.xml
at org.testng.internal.Parameters.createParams(Parameters.java:267)
at org.testng.internal.Parameters.createParametersForMethod(Parameters.java:355)
at org.testng.internal.Parameters.createParameters(Parameters.java:684)
at org.testng.internal.Parameters.createConfigurationParameters(Parameters.java:166)
at org.testng.internal.invokers.ConfigInvoker.invokeConfigurations(ConfigInvoker.java:277)
at org.testng.internal.invokers.TestMethodWorker.invokeBeforeClassMethods(TestMethodWorker.java:180)
at org.testng.internal.invokers.TestMethodWorker.run(TestMethodWorker.java:122)
at java.base/java.util.ArrayList.forEach(ArrayList.java:1511)
at org.testng.TestRunner.privateRun(TestRunner.java:829)
at org.testng.TestRunner.run(TestRunner.java:602)
at org.testng.SuiteRunner.runTest(SuiteRunner.java:437)
at org.testng.SuiteRunner.runSequentially(SuiteRunner.java:431)
at org.testng.SuiteRunner.privateRun(SuiteRunner.java:391)
at org.testng.SuiteRunner.run(SuiteRunner.java:330)
at org.testng.SuiteRunnerWorker.runSuite(SuiteRunnerWorker.java:52)
at org.testng.SuiteRunnerWorker.run(SuiteRunnerWorker.java:95)
at org.testng.TestNG.runSuitesSequentially(TestNG.java:1256)
at org.testng.TestNG.runSuitesLocally(TestNG.java:1176)
at org.testng.TestNG.runSuites(TestNG.java:1099)
at org.testng.TestNG.run(TestNG.java:1067)
at org.testng.remote.AbstractRemoteTestNG.run(AbstractRemoteTestNG.java:115)
at org.testng.remote.RemoteTestNG.initAndRun(RemoteTestNG.java:293)
at org.testng.remote.RemoteTestNG.main(RemoteTestNG.java:91)
]]>
            </full-stacktrace>
          </exception> <!-- org.testng.TestNGException -->
          <reporter-output>
          </reporter-output>
        </test-method> <!-- browserSetup -->
        <test-method is-config="true" signature="signIn()[pri:0, instance:ProductTest.CatsProduct@7bba5817]" started-at="2024-11-25T17:25:55 IST" name="signIn" finished-at="2024-11-25T17:25:55 IST" duration-ms="0" status="SKIP">
          <reporter-output>
          </reporter-output>
        </test-method> <!-- signIn -->
        <test-method signature="addFirstProduct()[pri:0, instance:ProductTest.CatsProduct@7bba5817]" started-at="2024-11-25T17:25:55 IST" name="addFirstProduct" finished-at="2024-11-25T17:25:55 IST" duration-ms="0" status="SKIP">
          <exception class="org.testng.TestNGException">
            <message>
              <![CDATA[
Parameter 'BrowserName' is required by BeforeClass on method browserSetup but has not been marked @Optional or defined
in C:\Users\Kallem Akshitha\AppData\Local\Temp\testng-eclipse--5447002\testng-customsuite.xml]]>
            </message>
            <full-stacktrace>
              <![CDATA[org.testng.TestNGException: 
Parameter 'BrowserName' is required by BeforeClass on method browserSetup but has not been marked @Optional or defined
in C:\Users\Kallem Akshitha\AppData\Local\Temp\testng-eclipse--5447002\testng-customsuite.xml
at org.testng.internal.Parameters.createParams(Parameters.java:267)
at org.testng.internal.Parameters.createParametersForMethod(Parameters.java:355)
at org.testng.internal.Parameters.createParameters(Parameters.java:684)
at org.testng.internal.Parameters.createConfigurationParameters(Parameters.java:166)
at org.testng.internal.invokers.ConfigInvoker.invokeConfigurations(ConfigInvoker.java:277)
at org.testng.internal.invokers.TestMethodWorker.invokeBeforeClassMethods(TestMethodWorker.java:180)
at org.testng.internal.invokers.TestMethodWorker.run(TestMethodWorker.java:122)
at java.base/java.util.ArrayList.forEach(ArrayList.java:1511)
at org.testng.TestRunner.privateRun(TestRunner.java:829)
at org.testng.TestRunner.run(TestRunner.java:602)
at org.testng.SuiteRunner.runTest(SuiteRunner.java:437)
at org.testng.SuiteRunner.runSequentially(SuiteRunner.java:431)
at org.testng.SuiteRunner.privateRun(SuiteRunner.java:391)
at org.testng.SuiteRunner.run(SuiteRunner.java:330)
at org.testng.SuiteRunnerWorker.runSuite(SuiteRunnerWorker.java:52)
at org.testng.SuiteRunnerWorker.run(SuiteRunnerWorker.java:95)
at org.testng.TestNG.runSuitesSequentially(TestNG.java:1256)
at org.testng.TestNG.runSuitesLocally(TestNG.java:1176)
at org.testng.TestNG.runSuites(TestNG.java:1099)
at org.testng.TestNG.run(TestNG.java:1067)
at org.testng.remote.AbstractRemoteTestNG.run(AbstractRemoteTestNG.java:115)
at org.testng.remote.RemoteTestNG.initAndRun(RemoteTestNG.java:293)
at org.testng.remote.RemoteTestNG.main(RemoteTestNG.java:91)
]]>
            </full-stacktrace>
          </exception> <!-- org.testng.TestNGException -->
          <reporter-output>
          </reporter-output>
        </test-method> <!-- addFirstProduct -->
        <test-method is-config="true" signature="signOut()[pri:0, instance:ProductTest.CatsProduct@7bba5817]" started-at="2024-11-25T17:25:55 IST" name="signOut" finished-at="2024-11-25T17:25:55 IST" duration-ms="0" status="SKIP">
          <reporter-output>
          </reporter-output>
        </test-method> <!-- signOut -->
        <test-method signature="removeProduct()[pri:0, instance:ProductTest.CatsProduct@7bba5817]" started-at="2024-11-25T17:25:55 IST" name="removeProduct" finished-at="2024-11-25T17:25:55 IST" depends-on-methods="ProductTest.CatsProduct.addFirstProduct" duration-ms="1" status="SKIP">
          <exception class="java.lang.Throwable">
            <message>
              <![CDATA[Method ProductTest.CatsProduct.removeProduct() on instance ProductTest.CatsProduct@7bba5817 depends on not successfully finished methods 
[ProductTest.CatsProduct.addFirstProduct() on instance ProductTest.CatsProduct@7bba5817]]]>
            </message>
            <full-stacktrace>
              <![CDATA[java.lang.Throwable: Method ProductTest.CatsProduct.removeProduct() on instance ProductTest.CatsProduct@7bba5817 depends on not successfully finished methods 
[ProductTest.CatsProduct.addFirstProduct() on instance ProductTest.CatsProduct@7bba5817]
at org.testng.internal.invokers.TestInvoker.invokeTestMethods(TestInvoker.java:150)
at org.testng.internal.invokers.TestMethodWorker.invokeTestMethods(TestMethodWorker.java:148)
at org.testng.internal.invokers.TestMethodWorker.run(TestMethodWorker.java:128)
at java.base/java.util.ArrayList.forEach(ArrayList.java:1511)
at org.testng.TestRunner.privateRun(TestRunner.java:829)
at org.testng.TestRunner.run(TestRunner.java:602)
at org.testng.SuiteRunner.runTest(SuiteRunner.java:437)
at org.testng.SuiteRunner.runSequentially(SuiteRunner.java:431)
at org.testng.SuiteRunner.privateRun(SuiteRunner.java:391)
at org.testng.SuiteRunner.run(SuiteRunner.java:330)
at org.testng.SuiteRunnerWorker.runSuite(SuiteRunnerWorker.java:52)
at org.testng.SuiteRunnerWorker.run(SuiteRunnerWorker.java:95)
at org.testng.TestNG.runSuitesSequentially(TestNG.java:1256)
at org.testng.TestNG.runSuitesLocally(TestNG.java:1176)
at org.testng.TestNG.runSuites(TestNG.java:1099)
at org.testng.TestNG.run(TestNG.java:1067)
at org.testng.remote.AbstractRemoteTestNG.run(AbstractRemoteTestNG.java:115)
at org.testng.remote.RemoteTestNG.initAndRun(RemoteTestNG.java:293)
at org.testng.remote.RemoteTestNG.main(RemoteTestNG.java:91)
]]>
            </full-stacktrace>
          </exception> <!-- java.lang.Throwable -->
          <reporter-output>
          </reporter-output>
        </test-method> <!-- removeProduct -->
        <test-method is-config="true" signature="browserTerminate()[pri:0, instance:ProductTest.CatsProduct@7bba5817]" started-at="2024-11-25T17:25:55 IST" name="browserTerminate" finished-at="2024-11-25T17:25:55 IST" duration-ms="0" status="SKIP">
          <reporter-output>
          </reporter-output>
        </test-method> <!-- browserTerminate -->
        <test-method is-config="true" signature="suiteTerminateSetup()[pri:0, instance:ProductTest.CatsProduct@7bba5817]" started-at="2024-11-25T17:25:55 IST" name="suiteTerminateSetup" finished-at="2024-11-25T17:25:55 IST" duration-ms="0" status="SKIP">
          <reporter-output>
          </reporter-output>
        </test-method> <!-- suiteTerminateSetup -->
      </class> <!-- ProductTest.CatsProduct -->
    </test> <!-- Default test -->
  </suite> <!-- Default suite -->
</testng-results>
