<?xml version="1.0" encoding="UTF-8"?>
<!-- Generated by org.testng.reporters.JUnitXMLReporter -->
<testsuite ignored="0" hostname="Harry" failures="1" tests="2" name="Test3" time="26.281" errors="0" timestamp="2024-11-23T10:00:01 IST">
  <testcase classname="ProductTest.FishProduct" name="@BeforeClass browserSetup" time="-1.732336175143E9">
    <failure type="org.testng.TestNGException" message="
Parameter &amp;apos;Browsername&amp;apos; is required by BeforeClass on method browserSetup but has not been marked @Optional or defined
in C:\Users\Harry\git\Petstore.octoperf-Ecommerse\QKP-SJFJVD-A6\FunctionalityTest.xml">
      <![CDATA[org.testng.TestNGException: 
Parameter 'Browsername' is required by BeforeClass on method browserSetup but has not been marked @Optional or defined
in C:\Users\Harry\git\Petstore.octoperf-Ecommerse\QKP-SJFJVD-A6\FunctionalityTest.xml
at java.base/java.util.ArrayList.forEach(ArrayList.java:1511)
at java.base/java.util.concurrent.FutureTask.run(FutureTask.java:264)
at java.base/java.util.concurrent.ThreadPoolExecutor.runWorker(ThreadPoolExecutor.java:1136)
at java.base/java.util.concurrent.ThreadPoolExecutor$Worker.run(ThreadPoolExecutor.java:635)
at java.base/java.lang.Thread.run(Thread.java:840)
... Removed 12 stack frames]]>
    </failure>
  </testcase> <!-- @BeforeClass browserSetup -->
  <testcase classname="ProductTest.FishProduct" name="@BeforeMethod signIn" time="0.0">
    <skipped/>
  </testcase> <!-- @BeforeMethod signIn -->
  <testcase classname="ProductTest.FishProduct" name="@AfterMethod signOut" time="0.0">
    <skipped/>
  </testcase> <!-- @AfterMethod signOut -->
  <testcase classname="ProductTest.FishProduct" name="@BeforeMethod signIn" time="0.0">
    <skipped/>
  </testcase> <!-- @BeforeMethod signIn -->
  <testcase classname="ProductTest.FishProduct" name="@AfterMethod signOut" time="0.0">
    <skipped/>
  </testcase> <!-- @AfterMethod signOut -->
  <testcase classname="ProductTest.FishProduct" name="@AfterClass broserTerminate" time="0.0">
    <skipped/>
  </testcase> <!-- @AfterClass broserTerminate -->
  <testcase classname="ProductTest.DogsProduct" name="addProduct" time="13.721">
    <failure type="java.io.FileNotFoundException" message=".\TestScreenshots\DogProduct.png (The system cannot find the path specified)">
      <![CDATA[java.io.FileNotFoundException: .\TestScreenshots\DogProduct.png (The system cannot find the path specified)
at java.base/java.io.FileOutputStream.open0(Native Method)
at java.base/java.io.FileOutputStream.open(FileOutputStream.java:293)
at java.base/java.io.FileOutputStream.<init>(FileOutputStream.java:235)
at java.base/java.io.FileOutputStream.<init>(FileOutputStream.java:184)
at org.openqa.selenium.io.FileHandler.copyFile(FileHandler.java:138)
at org.openqa.selenium.io.FileHandler.copy(FileHandler.java:117)
at ProductTest.DogsProduct.addProduct(DogsProduct.java:154)
at java.base/java.util.ArrayList.forEach(ArrayList.java:1511)
at java.base/java.util.concurrent.FutureTask.run(FutureTask.java:264)
at java.base/java.util.concurrent.ThreadPoolExecutor.runWorker(ThreadPoolExecutor.java:1136)
at java.base/java.util.concurrent.ThreadPoolExecutor$Worker.run(ThreadPoolExecutor.java:635)
at java.base/java.lang.Thread.run(Thread.java:840)
... Removed 17 stack frames]]>
    </failure>
  </testcase> <!-- addProduct -->
  <testcase classname="ProductTest.DogsProduct" name="removeProduct" time="1.979"/>
</testsuite> <!-- Test3 -->
