<?xml version="1.0" encoding="UTF-8"?>
<!-- Generated by org.testng.reporters.JUnitXMLReporter -->
<testsuite ignored="0" hostname="DESKTOP-7FOVLSH" failures="1" tests="2" name="Test5" time="28.066" errors="0" timestamp="2024-11-23T10:29:06 IST">
  <testcase classname="ProductTest.ReptileProduct" name="addProduct" time="15.159">
    <failure type="java.io.FileNotFoundException" message=".\TakeScreenshot\DogProduct.png (The system cannot find the path specified)">
      <![CDATA[java.io.FileNotFoundException: .\TakeScreenshot\DogProduct.png (The system cannot find the path specified)
at java.base/java.io.FileOutputStream.open0(Native Method)
at java.base/java.io.FileOutputStream.open(FileOutputStream.java:293)
at java.base/java.io.FileOutputStream.<init>(FileOutputStream.java:235)
at java.base/java.io.FileOutputStream.<init>(FileOutputStream.java:184)
at org.openqa.selenium.io.FileHandler.copyFile(FileHandler.java:138)
at org.openqa.selenium.io.FileHandler.copy(FileHandler.java:117)
at ProductTest.ReptileProduct.addProduct(ReptileProduct.java:153)
at java.base/java.util.ArrayList.forEach(ArrayList.java:1511)
at java.base/java.util.concurrent.FutureTask.run(FutureTask.java:264)
at java.base/java.util.concurrent.ThreadPoolExecutor.runWorker(ThreadPoolExecutor.java:1136)
at java.base/java.util.concurrent.ThreadPoolExecutor$Worker.run(ThreadPoolExecutor.java:635)
at java.base/java.lang.Thread.run(Thread.java:833)
... Removed 17 stack frames]]>
    </failure>
  </testcase> <!-- addProduct -->
  <testcase classname="ProductTest.ReptileProduct" name="removeProduct" time="1.798"/>
</testsuite> <!-- Test5 -->
